<?xml version="1.0" encoding="UTF-8"?>
<testsuite xmlns:xsi="http://www.w3.org/2001/XMLSchema-instance" xsi:noNamespaceSchemaLocation="https://maven.apache.org/surefire/maven-surefire-plugin/xsd/surefire-test-report.xsd" name="com.test.july21Batch.calculator.controller.AdditionControllerTest" time="0.119" tests="5" errors="0" skipped="0" failures="0">
  <properties>
[...]
</properties>
  <testcase name="testAdd" classname="com.test.july21Batch.calculator.controller.AdditionControllerTest" time="0.008"/>
  <testcase name="testSum" classname="com.test.july21Batch.calculator.controller.AdditionControllerTest" time="0"/>
  <testcase name="testSubstract" classname="com.test.july21Batch.calculator.controller.AdditionControllerTest" time="0"/>
  <testcase name="testDivide" classname="com.test.july21Batch.calculator.controller.AdditionControllerTest" time="0.001"/>
  <testcase name="testMultiply" classname="com.test.july21Batch.calculator.controller.AdditionControllerTest" time="0"/>
</testsuite>